<?xml version="1.0" encoding="UTF-8"?>
<testsuite xmlns:xsi="http://www.w3.org/2001/XMLSchema-instance" xsi:noNamespaceSchemaLocation="https://maven.apache.org/surefire/maven-surefire-plugin/xsd/surefire-test-report.xsd" name="com.ceezyyy.springboot.mapper.TestMapper" time="3.975" tests="4" errors="0" skipped="0" failures="0">
  <properties>
[...]
</properties>
  <testcase name="testSaveUser" classname="com.ceezyyy.springboot.mapper.TestMapper" time="0.814"/>
  <testcase name="testFindAll" classname="com.ceezyyy.springboot.mapper.TestMapper" time="0.055"/>
  <testcase name="testUpdateUser" classname="com.ceezyyy.springboot.mapper.TestMapper" time="0.008"/>
  <testcase name="testDeleteUser" classname="com.ceezyyy.springboot.mapper.TestMapper" time="0.006"/>
</testsuite>